#
# There is insufficient memory for the Java Runtime Environment to continue.
# Native memory allocation (malloc) failed to allocate 1048576 bytes for AllocateHeap
# Possible reasons:
#   The system is out of physical RAM or swap space
#   In 32 bit mode, the process size limit was hit
# Possible solutions:
#   Reduce memory load on the system
#   Increase physical memory or swap space
#   Check if swap backing store is full
#   Use 64 bit Java on a 64 bit OS
#   Decrease Java heap size (-Xmx/-Xms)
#   Decrease number of Java threads
#   Decrease Java thread stack sizes (-Xss)
#   Set larger code cache with -XX:ReservedCodeCacheSize=
# This output file may be truncated or incomplete.
#
#  Out of Memory Error (memory/allocation.inline.hpp:61), pid=8904, tid=0x00000000000012f0
#
# JRE version:  (8.0_101-b13) (build )
# Java VM: Java HotSpot(TM) 64-Bit Server VM (25.101-b13 mixed mode windows-amd64 compressed oops)
# Failed to write core dump. Minidumps are not enabled by default on client versions of Windows
#

---------------  T H R E A D  ---------------

Current thread (0x0000000005106800):  JavaThread "Unknown thread" [_thread_in_vm, id=4848, stack(0x0000000004f00000,0x0000000005000000)]

Stack: [0x0000000004f00000,0x0000000005000000]
[error occurred during error reporting (printing stack bounds), id 0xc0000005]

Native frames: (J=compiled Java code, j=interpreted, Vv=VM code, C=native code)


---------------  P R O C E S S  ---------------

Java Threads: ( => current thread )

Other Threads:

=>0x0000000005106800 (exited) JavaThread "Unknown thread" [_thread_in_vm, id=4848, stack(0x0000000004f00000,0x0000000005000000)]

VM state:not at safepoint (normal execution)

VM Mutex/Monitor currently owned by a thread: None

Heap:
 PSYoungGen      total 37888K, used 655K [0x00000000d6200000, 0x00000000d8c00000, 0x0000000100000000)
  eden space 32768K, 2% used [0x00000000d6200000,0x00000000d62a3d80,0x00000000d8200000)
  from space 5120K, 0% used [0x00000000d8700000,0x00000000d8700000,0x00000000d8c00000)
  to   space 5120K, 0% used [0x00000000d8200000,0x00000000d8200000,0x00000000d8700000)
 ParOldGen       total 86016K, used 0K [0x0000000082600000, 0x0000000087a00000, 0x00000000d6200000)
  object space 86016K, 0% used [0x0000000082600000,0x0000000082600000,0x0000000087a00000)
 Metaspace       used 780K, capacity 4480K, committed 4480K, reserved 1056768K
  class space    used 75K, capacity 384K, committed 384K, reserved 1048576K

Card table byte_map: [0x00000000145c0000,0x00000000149b0000] byte_map_base: 0x00000000141ad000

Marking Bits: (ParMarkBitMap*) 0x000000007096a6d0
 Begin Bits: [0x0000000015050000, 0x0000000016fb8000)
 End Bits:   [0x0000000016fb8000, 0x0000000018f20000)

Polling page: 0x0000000003600000

CodeCache: size=245760Kb used=328Kb max_used=328Kb free=245431Kb
 bounds [0x0000000005200000, 0x0000000005470000, 0x0000000014200000]
 total_blobs=58 nmethods=0 adapters=38
 compilation: enabled

Compilation events (0 events):
No events

GC Heap History (0 events):
No events

Deoptimization events (0 events):
No events

Internal exceptions (0 events):
No events

Events (10 events):
Event: 0.028 loading class java/lang/Short
Event: 0.028 loading class java/lang/Short done
Event: 0.028 loading class java/lang/Integer
Event: 0.028 loading class java/lang/Integer done
Event: 0.028 loading class java/lang/Long
Event: 0.028 loading class java/lang/Long done
Event: 0.028 loading class java/lang/NullPointerException
Event: 0.029 loading class java/lang/NullPointerException done
Event: 0.029 loading class java/lang/ArithmeticException
Event: 0.029 loading class java/lang/ArithmeticException done


Dynamic libraries:
0x00007ff6d7580000 - 0x00007ff6d75b7000 	C:\Program Files\Java\jdk1.8.0_101\bin\javaw.exe
0x00007ffba8620000 - 0x00007ffba8800000 	C:\WINDOWS\SYSTEM32\ntdll.dll
0x00007ffba6370000 - 0x00007ffba641e000 	C:\WINDOWS\System32\KERNEL32.DLL
0x00007ffba52f0000 - 0x00007ffba5556000 	C:\WINDOWS\System32\KERNELBASE.dll
0x00007ffba84a0000 - 0x00007ffba8541000 	C:\WINDOWS\System32\ADVAPI32.dll
0x00007ffba8550000 - 0x00007ffba85ed000 	C:\WINDOWS\System32\msvcrt.dll
0x00007ffba6870000 - 0x00007ffba68cb000 	C:\WINDOWS\System32\sechost.dll
0x00007ffba5b50000 - 0x00007ffba5c6f000 	C:\WINDOWS\System32\RPCRT4.dll
0x00007ffba6610000 - 0x00007ffba679f000 	C:\WINDOWS\System32\USER32.dll
0x00007ffba5560000 - 0x00007ffba5580000 	C:\WINDOWS\System32\win32u.dll
0x00007ffba6840000 - 0x00007ffba6868000 	C:\WINDOWS\System32\GDI32.dll
0x00007ffba5950000 - 0x00007ffba5ae3000 	C:\WINDOWS\System32\gdi32full.dll
0x00007ffba5680000 - 0x00007ffba571b000 	C:\WINDOWS\System32\msvcp_win.dll
0x00007ffba5580000 - 0x00007ffba5676000 	C:\WINDOWS\System32\ucrtbase.dll
0x00007ffb883c0000 - 0x00007ffb88629000 	C:\WINDOWS\WinSxS\amd64_microsoft.windows.common-controls_6595b64144ccf1df_6.0.16299.192_none_15c8cdae9364c23b\COMCTL32.dll
0x00007ffba6ae0000 - 0x00007ffba6de8000 	C:\WINDOWS\System32\combase.dll
0x00007ffba5220000 - 0x00007ffba5292000 	C:\WINDOWS\System32\bcryptPrimitives.dll
0x00007ffba6430000 - 0x00007ffba645d000 	C:\WINDOWS\System32\IMM32.DLL
0x00000000709f0000 - 0x0000000070ac2000 	C:\Program Files\Java\jdk1.8.0_101\jre\bin\msvcr100.dll
0x0000000070150000 - 0x00000000709ea000 	C:\Program Files\Java\jdk1.8.0_101\jre\bin\server\jvm.dll
0x00007ffba8490000 - 0x00007ffba8498000 	C:\WINDOWS\System32\PSAPI.DLL
0x00007ffba1d40000 - 0x00007ffba1d49000 	C:\WINDOWS\SYSTEM32\WSOCK32.dll
0x00007ffba67b0000 - 0x00007ffba681c000 	C:\WINDOWS\System32\WS2_32.dll
0x00007ffb96850000 - 0x00007ffb96873000 	C:\WINDOWS\SYSTEM32\WINMM.dll
0x00007ffb99b50000 - 0x00007ffb99b5a000 	C:\WINDOWS\SYSTEM32\VERSION.dll
0x00007ffb96820000 - 0x00007ffb9684a000 	C:\WINDOWS\SYSTEM32\winmmbase.dll
0x00007ffba52a0000 - 0x00007ffba52ea000 	C:\WINDOWS\System32\cfgmgr32.dll
0x0000000070140000 - 0x000000007014f000 	C:\Program Files\Java\jdk1.8.0_101\jre\bin\verify.dll
0x0000000070110000 - 0x0000000070139000 	C:\Program Files\Java\jdk1.8.0_101\jre\bin\java.dll
0x0000000070020000 - 0x0000000070055000 	C:\Program Files\Java\jdk1.8.0_101\jre\bin\jdwp.dll
0x0000000070010000 - 0x0000000070018000 	C:\Program Files\Java\jdk1.8.0_101\jre\bin\npt.dll
0x00000000700f0000 - 0x0000000070106000 	C:\Program Files\Java\jdk1.8.0_101\jre\bin\zip.dll

VM Arguments:
jvm_args: -agentlib:jdwp=transport=dt_socket,suspend=y,address=localhost:58386 -Dfile.encoding=Cp1252 
java_command: com.fabrikam.testAzureApp.Monitoring
java_class_path (initial): H:\opsRamp\workspace01\testAzureApp\target\classes;C:\Users\Shankar swamy\.m2\repository\com\googlecode\json-simple\json-simple\1.1\json-simple-1.1.jar;C:\Users\Shankar swamy\.m2\repository\org\springframework\spring-orm\4.1.6.RELEASE\spring-orm-4.1.6.RELEASE.jar;C:\Users\Shankar swamy\.m2\repository\org\springframework\spring-beans\4.1.6.RELEASE\spring-beans-4.1.6.RELEASE.jar;C:\Users\Shankar swamy\.m2\repository\org\springframework\spring-core\4.1.6.RELEASE\spring-core-4.1.6.RELEASE.jar;C:\Users\Shankar swamy\.m2\repository\org\springframework\spring-jdbc\4.1.6.RELEASE\spring-jdbc-4.1.6.RELEASE.jar;C:\Users\Shankar swamy\.m2\repository\org\springframework\spring-tx\4.1.6.RELEASE\spring-tx-4.1.6.RELEASE.jar;C:\Users\Shankar swamy\.m2\repository\org\springframework\spring-web\4.1.6.RELEASE\spring-web-4.1.6.RELEASE.jar;C:\Users\Shankar swamy\.m2\repository\org\springframework\spring-aop\4.1.6.RELEASE\spring-aop-4.1.6.RELEASE.jar;C:\Users\Shankar swamy\.m2\repository\aopalliance\aopalliance\1.0\aopalliance-1.0.jar;C:\Users\Shankar swamy\.m2\repository\org\springframework\spring-context\4.1.6.RELEASE\spring-context-4.1.6.RELEASE.jar;C:\Users\Shankar swamy\.m2\repository\org\hibernate\hibernate-core\4.3.5.Final\hibernate-core-4.3.5.Final.jar;C:\Users\Shankar swamy\.m2\repository\org\jboss\logging\jboss-logging\3.1.3.GA\jboss-logging-3.1.3.GA.jar;C:\Users\Shankar swamy\.m2\repository\org\jboss\logging\jboss-logging-annotations\1.2.0.Beta1\jboss-logging-annotations-1.2.0.Beta1.jar;C:\Users\Shankar swamy\.m2\repository\org\jboss\spec\javax\transaction\jboss-transaction-api_1.2_spec\1.0.0.Final\jboss-transaction-api_1.2_spec-1.0.0.Final.jar;C:\Users\Shankar swamy\.m2\repository\dom4j\dom4j\1.6.1\dom4j-1.6.1.jar;C:\Users\Shankar swamy\.m2\repository\xml-apis\xml-apis\1.0.b2\xml-apis-1.0.b2.jar;C:\Users\Shankar swamy\.m2\repository\org\hibernate\common\hibernate-commons-annotations\4.0.4.Final\hibernate-commons-annotations-4.0.4.Final.jar;C:\Users
Launcher Type: SUN_STANDARD

Environment Variables:
JAVA_HOME=C:\Program Files\Java\jdk1.8.0_101
PATH=C:\Program Files\Java\jdk1.8.0_101\jre\bin;C:/Program Files/Java/jre1.8.0_101/bin/server;C:/Program Files/Java/jre1.8.0_101/bin;C:/Program Files/Java/jre1.8.0_101/lib/amd64;H:\app\Shankar_swamy\product\11.2.0\dbhome_1\bin;C:\ProgramData\Oracle\Java\javapath;C:\WINDOWS\system32;C:\WINDOWS;C:\WINDOWS\System32\Wbem;C:\WINDOWS\System32\WindowsPowerShell\v1.0\;C:\Program Files (x86)\ATI Technologies\ATI.ACE\Core-Static;C:\Python27;C:\Program Files\Intel\WiFi\bin\;C:\Program Files\Common Files\Intel\WirelessCommon\;C:\Program Files\Microsoft SQL Server\110\Tools\Binn\;C:\Program Files\Microsoft SQL Server\120\Tools\Binn\;C:\Program Files\Git\cmd;C:\Program Files (x86)\Microsoft SDKs\TypeScript\1.0\;C:\Program Files\nodejs\;G:\software\glassfish4\bin;C:\Users\Shankar swamy\AppData\Local\Programs\Git\cmd;C:\Program Files (x86)\PostgreSQL\9.6\bin;C:\Program Files (x86)\PostgreSQL\9.6\lib;C:\WINDOWS\system32\config\systemprofile\AppData\Roaming\Python\Scripts;C:\Program Files (x86)\Amazon\AWSCLI;C:\Program Files (x86)\Skype\Phone\;G:\software\apache-maven-3.5.2\bin;C:\WINDOWS\system32;C:\WINDOWS;C:\WINDOWS\System32\Wbem;C:\WINDOWS\System32\WindowsPowerShell\v1.0\;C:\Program Files (x86)\Common Files\lenovo\easyplussdk\bin;C:\Program Files (x86)\ATI Technologies\ATI.ACE\Core-StaticC:\Python27;C:\Program Files\Git\bin;C:\Python27\Scripts;C:\Program Files\Intel\WiFi\bin\;C:\Program Files\Java\jdk1.8.0_101\bin;C:\Program Files\Git\usr\bin;C:\Program Files\Common Files\Intel\WirelessCommon\;C:\Users\Shankar swamy\AppData\Local\Microsoft\WindowsApps;C:\Users\Shankar swamy\AppData\Roaming\npm;C:\Program Files (x86)\Heroku\bin;;H:\opsRamp\eclipse\eclipse;
USERNAME=Shankar_swamy
OS=Windows_NT
PROCESSOR_IDENTIFIER=Intel64 Family 6 Model 78 Stepping 3, GenuineIntel



---------------  S Y S T E M  ---------------

OS: Windows 10.0 , 64 bit Build 16299 (10.0.16299.15)

CPU:total 4 (2 cores per cpu, 2 threads per core) family 6 model 78 stepping 3, cmov, cx8, fxsr, mmx, sse, sse2, sse3, ssse3, sse4.1, sse4.2, popcnt, avx, avx2, aes, clmul, erms, 3dnowpref, lzcnt, ht, tsc, tscinvbit, bmi1, bmi2, adx

Memory: 4k page, physical 8225032k(2284836k free), swap 10172680k(5792k free)

vm_info: Java HotSpot(TM) 64-Bit Server VM (25.101-b13) for windows-amd64 JRE (1.8.0_101-b13), built on Jun 22 2016 01:21:29 by "java_re" with MS VC++ 10.0 (VS2010)

time: Mon Feb 05 16:57:58 2018
elapsed time: 0 seconds (0d 0h 0m 0s)

